[    1070ms] [ERROR] Failed to find a valid digest in the 'integrity' attribute for resource 'https://cdn.jsdelivr.net/npm/whatwg-fetch@2.0.3/fetch.min.js' with computed SHA-384 integrity 'ljXjQPGllZeEJIKO5OdPqT981Ep+tG2GpQfKX833+QM+WT72zQt80CXGu5+mvYVV'. The resource has been blocked. @ https://api.stratz.com/graphiql:0
[    2791ms] [ERROR] WebSocket connection to 'wss://api.stratz.com/graphql' failed: Error during WebSocket handshake: Unexpected response code: 403 @ https://unpkg.com/subscriptions-transport-ws@0.8.2/browser/client.js:701
[    2885ms] [ERROR] Failed to load resource: the server responded with a status of 404 () @ https://api.stratz.com/favicon.ico:0
[    2885ms] [ERROR] Failed to load resource: the server responded with a status of 404 () @ https://api.stratz.com/favicon.ico:0
[    3532ms] [ERROR] WebSocket connection to 'wss://api.stratz.com/graphql' failed: Error during WebSocket handshake: Unexpected response code: 403 @ https://unpkg.com/subscriptions-transport-ws@0.8.2/browser/client.js:701
[    4468ms] [ERROR] WebSocket connection to 'wss://api.stratz.com/graphql' failed: Error during WebSocket handshake: Unexpected response code: 403 @ https://unpkg.com/subscriptions-transport-ws@0.8.2/browser/client.js:701
[    5467ms] [ERROR] WebSocket connection to 'wss://api.stratz.com/graphql' failed: Error during WebSocket handshake: Unexpected response code: 403 @ https://unpkg.com/subscriptions-transport-ws@0.8.2/browser/client.js:701
[    7369ms] [ERROR] WebSocket connection to 'wss://api.stratz.com/graphql' failed: Error during WebSocket handshake: Unexpected response code: 403 @ https://unpkg.com/subscriptions-transport-ws@0.8.2/browser/client.js:701
[    9967ms] [ERROR] WebSocket connection to 'wss://api.stratz.com/graphql' failed: Error during WebSocket handshake: Unexpected response code: 403 @ https://unpkg.com/subscriptions-transport-ws@0.8.2/browser/client.js:701
[   14032ms] [ERROR] WebSocket connection to 'wss://api.stratz.com/graphql' failed: Error during WebSocket handshake: Unexpected response code: 403 @ https://unpkg.com/subscriptions-transport-ws@0.8.2/browser/client.js:701
[   23372ms] [ERROR] WebSocket connection to 'wss://api.stratz.com/graphql' failed: Error during WebSocket handshake: Unexpected response code: 403 @ https://unpkg.com/subscriptions-transport-ws@0.8.2/browser/client.js:701
[   34057ms] [ERROR] WebSocket connection to 'wss://api.stratz.com/graphql' failed: Error during WebSocket handshake: Unexpected response code: 403 @ https://unpkg.com/subscriptions-transport-ws@0.8.2/browser/client.js:701
[   44323ms] [ERROR] WebSocket connection to 'wss://api.stratz.com/graphql' failed: Error during WebSocket handshake: Unexpected response code: 403 @ https://unpkg.com/subscriptions-transport-ws@0.8.2/browser/client.js:701
[   55001ms] [ERROR] WebSocket connection to 'wss://api.stratz.com/graphql' failed: Error during WebSocket handshake: Unexpected response code: 403 @ https://unpkg.com/subscriptions-transport-ws@0.8.2/browser/client.js:701
[   65510ms] [ERROR] WebSocket connection to 'wss://api.stratz.com/graphql' failed: Error during WebSocket handshake: Unexpected response code: 403 @ https://unpkg.com/subscriptions-transport-ws@0.8.2/browser/client.js:701
[   75985ms] [ERROR] WebSocket connection to 'wss://api.stratz.com/graphql' failed: Error during WebSocket handshake: Unexpected response code: 403 @ https://unpkg.com/subscriptions-transport-ws@0.8.2/browser/client.js:701
[   86971ms] [ERROR] WebSocket connection to 'wss://api.stratz.com/graphql' failed: Error during WebSocket handshake: Unexpected response code: 403 @ https://unpkg.com/subscriptions-transport-ws@0.8.2/browser/client.js:701
[   98347ms] [ERROR] WebSocket connection to 'wss://api.stratz.com/graphql' failed: Error during WebSocket handshake: Unexpected response code: 403 @ https://unpkg.com/subscriptions-transport-ws@0.8.2/browser/client.js:701
[  109855ms] [ERROR] WebSocket connection to 'wss://api.stratz.com/graphql' failed: Error during WebSocket handshake: Unexpected response code: 403 @ https://unpkg.com/subscriptions-transport-ws@0.8.2/browser/client.js:701
[  121703ms] [ERROR] WebSocket connection to 'wss://api.stratz.com/graphql' failed: Error during WebSocket handshake: Unexpected response code: 403 @ https://unpkg.com/subscriptions-transport-ws@0.8.2/browser/client.js:701
[  132345ms] [ERROR] WebSocket connection to 'wss://api.stratz.com/graphql' failed: Error during WebSocket handshake: Unexpected response code: 403 @ https://unpkg.com/subscriptions-transport-ws@0.8.2/browser/client.js:701
[  142573ms] [ERROR] WebSocket connection to 'wss://api.stratz.com/graphql' failed: Error during WebSocket handshake: Unexpected response code: 403 @ https://unpkg.com/subscriptions-transport-ws@0.8.2/browser/client.js:701
[  153208ms] [ERROR] WebSocket connection to 'wss://api.stratz.com/graphql' failed: Error during WebSocket handshake: Unexpected response code: 403 @ https://unpkg.com/subscriptions-transport-ws@0.8.2/browser/client.js:701
[  163461ms] [ERROR] WebSocket connection to 'wss://api.stratz.com/graphql' failed: Error during WebSocket handshake: Unexpected response code: 403 @ https://unpkg.com/subscriptions-transport-ws@0.8.2/browser/client.js:701
[  173707ms] [ERROR] WebSocket connection to 'wss://api.stratz.com/graphql' failed: Error during WebSocket handshake: Unexpected response code: 403 @ https://unpkg.com/subscriptions-transport-ws@0.8.2/browser/client.js:701
[  184386ms] [ERROR] WebSocket connection to 'wss://api.stratz.com/graphql' failed: Error during WebSocket handshake: Unexpected response code: 403 @ https://unpkg.com/subscriptions-transport-ws@0.8.2/browser/client.js:701
[  195110ms] [ERROR] WebSocket connection to 'wss://api.stratz.com/graphql' failed: Error during WebSocket handshake: Unexpected response code: 403 @ https://unpkg.com/subscriptions-transport-ws@0.8.2/browser/client.js:701
[  205775ms] [ERROR] WebSocket connection to 'wss://api.stratz.com/graphql' failed: Error during WebSocket handshake: Unexpected response code: 403 @ https://unpkg.com/subscriptions-transport-ws@0.8.2/browser/client.js:701
[  216022ms] [ERROR] WebSocket connection to 'wss://api.stratz.com/graphql' failed: Error during WebSocket handshake: Unexpected response code: 403 @ https://unpkg.com/subscriptions-transport-ws@0.8.2/browser/client.js:701
[  226700ms] [ERROR] WebSocket connection to 'wss://api.stratz.com/graphql' failed: Error during WebSocket handshake: Unexpected response code: 403 @ https://unpkg.com/subscriptions-transport-ws@0.8.2/browser/client.js:701
[  237447ms] [ERROR] WebSocket connection to 'wss://api.stratz.com/graphql' failed: Error during WebSocket handshake: Unexpected response code: 403 @ https://unpkg.com/subscriptions-transport-ws@0.8.2/browser/client.js:701
[  247764ms] [ERROR] WebSocket connection to 'wss://api.stratz.com/graphql' failed: Error during WebSocket handshake: Unexpected response code: 403 @ https://unpkg.com/subscriptions-transport-ws@0.8.2/browser/client.js:701
[  258423ms] [ERROR] WebSocket connection to 'wss://api.stratz.com/graphql' failed: Error during WebSocket handshake: Unexpected response code: 403 @ https://unpkg.com/subscriptions-transport-ws@0.8.2/browser/client.js:701
[  269074ms] [ERROR] WebSocket connection to 'wss://api.stratz.com/graphql' failed: Error during WebSocket handshake: Unexpected response code: 403 @ https://unpkg.com/subscriptions-transport-ws@0.8.2/browser/client.js:701
[  279720ms] [ERROR] WebSocket connection to 'wss://api.stratz.com/graphql' failed: Error during WebSocket handshake: Unexpected response code: 403 @ https://unpkg.com/subscriptions-transport-ws@0.8.2/browser/client.js:701
[  290073ms] [ERROR] WebSocket connection to 'wss://api.stratz.com/graphql' failed: Error during WebSocket handshake: Unexpected response code: 403 @ https://unpkg.com/subscriptions-transport-ws@0.8.2/browser/client.js:701
[  300722ms] [ERROR] WebSocket connection to 'wss://api.stratz.com/graphql' failed: Error during WebSocket handshake: Unexpected response code: 403 @ https://unpkg.com/subscriptions-transport-ws@0.8.2/browser/client.js:701
[  311414ms] [ERROR] WebSocket connection to 'wss://api.stratz.com/graphql' failed: Error during WebSocket handshake: Unexpected response code: 403 @ https://unpkg.com/subscriptions-transport-ws@0.8.2/browser/client.js:701
[  322093ms] [ERROR] WebSocket connection to 'wss://api.stratz.com/graphql' failed: Error during WebSocket handshake: Unexpected response code: 403 @ https://unpkg.com/subscriptions-transport-ws@0.8.2/browser/client.js:701
[  332346ms] [ERROR] WebSocket connection to 'wss://api.stratz.com/graphql' failed: Error during WebSocket handshake: Unexpected response code: 403 @ https://unpkg.com/subscriptions-transport-ws@0.8.2/browser/client.js:701
[  343035ms] [ERROR] WebSocket connection to 'wss://api.stratz.com/graphql' failed: Error during WebSocket handshake: Unexpected response code: 403 @ https://unpkg.com/subscriptions-transport-ws@0.8.2/browser/client.js:701
[  353730ms] [ERROR] WebSocket connection to 'wss://api.stratz.com/graphql' failed: Error during WebSocket handshake: Unexpected response code: 403 @ https://unpkg.com/subscriptions-transport-ws@0.8.2/browser/client.js:701
[  364004ms] [ERROR] WebSocket connection to 'wss://api.stratz.com/graphql' failed: Error during WebSocket handshake: Unexpected response code: 403 @ https://unpkg.com/subscriptions-transport-ws@0.8.2/browser/client.js:701
[  374409ms] [ERROR] WebSocket connection to 'wss://api.stratz.com/graphql' failed: Error during WebSocket handshake: Unexpected response code: 403 @ https://unpkg.com/subscriptions-transport-ws@0.8.2/browser/client.js:701
[  385078ms] [ERROR] WebSocket connection to 'wss://api.stratz.com/graphql' failed: Error during WebSocket handshake: Unexpected response code: 403 @ https://unpkg.com/subscriptions-transport-ws@0.8.2/browser/client.js:701
[  395312ms] [ERROR] WebSocket connection to 'wss://api.stratz.com/graphql' failed: Error during WebSocket handshake: Unexpected response code: 403 @ https://unpkg.com/subscriptions-transport-ws@0.8.2/browser/client.js:701
[  405568ms] [ERROR] WebSocket connection to 'wss://api.stratz.com/graphql' failed: Error during WebSocket handshake: Unexpected response code: 403 @ https://unpkg.com/subscriptions-transport-ws@0.8.2/browser/client.js:701
[  415802ms] [ERROR] WebSocket connection to 'wss://api.stratz.com/graphql' failed: Error during WebSocket handshake: Unexpected response code: 403 @ https://unpkg.com/subscriptions-transport-ws@0.8.2/browser/client.js:701
[  426451ms] [ERROR] WebSocket connection to 'wss://api.stratz.com/graphql' failed: Error during WebSocket handshake: Unexpected response code: 403 @ https://unpkg.com/subscriptions-transport-ws@0.8.2/browser/client.js:701
[  437102ms] [ERROR] WebSocket connection to 'wss://api.stratz.com/graphql' failed: Error during WebSocket handshake: Unexpected response code: 403 @ https://unpkg.com/subscriptions-transport-ws@0.8.2/browser/client.js:701
[  447744ms] [ERROR] WebSocket connection to 'wss://api.stratz.com/graphql' failed: Error during WebSocket handshake: Unexpected response code: 403 @ https://unpkg.com/subscriptions-transport-ws@0.8.2/browser/client.js:701
[  458417ms] [ERROR] WebSocket connection to 'wss://api.stratz.com/graphql' failed: Error during WebSocket handshake: Unexpected response code: 403 @ https://unpkg.com/subscriptions-transport-ws@0.8.2/browser/client.js:701
[  469099ms] [ERROR] WebSocket connection to 'wss://api.stratz.com/graphql' failed: Error during WebSocket handshake: Unexpected response code: 403 @ https://unpkg.com/subscriptions-transport-ws@0.8.2/browser/client.js:701
[  479816ms] [ERROR] WebSocket connection to 'wss://api.stratz.com/graphql' failed: Error during WebSocket handshake: Unexpected response code: 403 @ https://unpkg.com/subscriptions-transport-ws@0.8.2/browser/client.js:701
[  490120ms] [ERROR] WebSocket connection to 'wss://api.stratz.com/graphql' failed: Error during WebSocket handshake: Unexpected response code: 403 @ https://unpkg.com/subscriptions-transport-ws@0.8.2/browser/client.js:701
[  500896ms] [ERROR] WebSocket connection to 'wss://api.stratz.com/graphql' failed: Error during WebSocket handshake: Unexpected response code: 403 @ https://unpkg.com/subscriptions-transport-ws@0.8.2/browser/client.js:701
[  511136ms] [ERROR] WebSocket connection to 'wss://api.stratz.com/graphql' failed: Error during WebSocket handshake: Unexpected response code: 403 @ https://unpkg.com/subscriptions-transport-ws@0.8.2/browser/client.js:701
[  521822ms] [ERROR] WebSocket connection to 'wss://api.stratz.com/graphql' failed: Error during WebSocket handshake: Unexpected response code: 403 @ https://unpkg.com/subscriptions-transport-ws@0.8.2/browser/client.js:701
[  532103ms] [ERROR] WebSocket connection to 'wss://api.stratz.com/graphql' failed: Error during WebSocket handshake: Unexpected response code: 403 @ https://unpkg.com/subscriptions-transport-ws@0.8.2/browser/client.js:701
[  542786ms] [ERROR] WebSocket connection to 'wss://api.stratz.com/graphql' failed: Error during WebSocket handshake: Unexpected response code: 403 @ https://unpkg.com/subscriptions-transport-ws@0.8.2/browser/client.js:701
[  553479ms] [ERROR] WebSocket connection to 'wss://api.stratz.com/graphql' failed: Error during WebSocket handshake: Unexpected response code: 403 @ https://unpkg.com/subscriptions-transport-ws@0.8.2/browser/client.js:701
[  564173ms] [ERROR] WebSocket connection to 'wss://api.stratz.com/graphql' failed: Error during WebSocket handshake: Unexpected response code: 403 @ https://unpkg.com/subscriptions-transport-ws@0.8.2/browser/client.js:701
[  574451ms] [ERROR] WebSocket connection to 'wss://api.stratz.com/graphql' failed: Error during WebSocket handshake: Unexpected response code: 403 @ https://unpkg.com/subscriptions-transport-ws@0.8.2/browser/client.js:701
[  585172ms] [ERROR] WebSocket connection to 'wss://api.stratz.com/graphql' failed: Error during WebSocket handshake: Unexpected response code: 403 @ https://unpkg.com/subscriptions-transport-ws@0.8.2/browser/client.js:701
[  595851ms] [ERROR] WebSocket connection to 'wss://api.stratz.com/graphql' failed: Error during WebSocket handshake: Unexpected response code: 403 @ https://unpkg.com/subscriptions-transport-ws@0.8.2/browser/client.js:701
[  606516ms] [ERROR] WebSocket connection to 'wss://api.stratz.com/graphql' failed: Error during WebSocket handshake: Unexpected response code: 403 @ https://unpkg.com/subscriptions-transport-ws@0.8.2/browser/client.js:701
[  616837ms] [ERROR] WebSocket connection to 'wss://api.stratz.com/graphql' failed: Error during WebSocket handshake: Unexpected response code: 403 @ https://unpkg.com/subscriptions-transport-ws@0.8.2/browser/client.js:701
[  627245ms] [ERROR] WebSocket connection to 'wss://api.stratz.com/graphql' failed: Error during WebSocket handshake: Unexpected response code: 403 @ https://unpkg.com/subscriptions-transport-ws@0.8.2/browser/client.js:701
[  637489ms] [ERROR] WebSocket connection to 'wss://api.stratz.com/graphql' failed: Error during WebSocket handshake: Unexpected response code: 403 @ https://unpkg.com/subscriptions-transport-ws@0.8.2/browser/client.js:701
[  647728ms] [ERROR] WebSocket connection to 'wss://api.stratz.com/graphql' failed: Error during WebSocket handshake: Unexpected response code: 403 @ https://unpkg.com/subscriptions-transport-ws@0.8.2/browser/client.js:701
[  658387ms] [ERROR] WebSocket connection to 'wss://api.stratz.com/graphql' failed: Error during WebSocket handshake: Unexpected response code: 403 @ https://unpkg.com/subscriptions-transport-ws@0.8.2/browser/client.js:701
[  669047ms] [ERROR] WebSocket connection to 'wss://api.stratz.com/graphql' failed: Error during WebSocket handshake: Unexpected response code: 403 @ https://unpkg.com/subscriptions-transport-ws@0.8.2/browser/client.js:701
[  679796ms] [ERROR] WebSocket connection to 'wss://api.stratz.com/graphql' failed: Error during WebSocket handshake: Unexpected response code: 403 @ https://unpkg.com/subscriptions-transport-ws@0.8.2/browser/client.js:701
[  690066ms] [ERROR] WebSocket connection to 'wss://api.stratz.com/graphql' failed: Error during WebSocket handshake: Unexpected response code: 403 @ https://unpkg.com/subscriptions-transport-ws@0.8.2/browser/client.js:701
[  700314ms] [ERROR] WebSocket connection to 'wss://api.stratz.com/graphql' failed: Error during WebSocket handshake: Unexpected response code: 403 @ https://unpkg.com/subscriptions-transport-ws@0.8.2/browser/client.js:701
[  710976ms] [ERROR] WebSocket connection to 'wss://api.stratz.com/graphql' failed: Error during WebSocket handshake: Unexpected response code: 403 @ https://unpkg.com/subscriptions-transport-ws@0.8.2/browser/client.js:701
[  721641ms] [ERROR] WebSocket connection to 'wss://api.stratz.com/graphql' failed: Error during WebSocket handshake: Unexpected response code: 403 @ https://unpkg.com/subscriptions-transport-ws@0.8.2/browser/client.js:701
[  731903ms] [ERROR] WebSocket connection to 'wss://api.stratz.com/graphql' failed: Error during WebSocket handshake: Unexpected response code: 403 @ https://unpkg.com/subscriptions-transport-ws@0.8.2/browser/client.js:701
[  742618ms] [ERROR] WebSocket connection to 'wss://api.stratz.com/graphql' failed: Error during WebSocket handshake: Unexpected response code: 403 @ https://unpkg.com/subscriptions-transport-ws@0.8.2/browser/client.js:701
[  753309ms] [ERROR] WebSocket connection to 'wss://api.stratz.com/graphql' failed: Error during WebSocket handshake: Unexpected response code: 403 @ https://unpkg.com/subscriptions-transport-ws@0.8.2/browser/client.js:701
[  764557ms] [ERROR] WebSocket connection to 'wss://api.stratz.com/graphql' failed: Error during WebSocket handshake: Unexpected response code: 403 @ https://unpkg.com/subscriptions-transport-ws@0.8.2/browser/client.js:701
[  775212ms] [ERROR] WebSocket connection to 'wss://api.stratz.com/graphql' failed: Error during WebSocket handshake: Unexpected response code: 403 @ https://unpkg.com/subscriptions-transport-ws@0.8.2/browser/client.js:701
[  785875ms] [ERROR] WebSocket connection to 'wss://api.stratz.com/graphql' failed: Error during WebSocket handshake: Unexpected response code: 403 @ https://unpkg.com/subscriptions-transport-ws@0.8.2/browser/client.js:701
[  796517ms] [ERROR] WebSocket connection to 'wss://api.stratz.com/graphql' failed: Error during WebSocket handshake: Unexpected response code: 403 @ https://unpkg.com/subscriptions-transport-ws@0.8.2/browser/client.js:701
[  806774ms] [ERROR] WebSocket connection to 'wss://api.stratz.com/graphql' failed: Error during WebSocket handshake: Unexpected response code: 403 @ https://unpkg.com/subscriptions-transport-ws@0.8.2/browser/client.js:701
[  817453ms] [ERROR] WebSocket connection to 'wss://api.stratz.com/graphql' failed: Error during WebSocket handshake: Unexpected response code: 403 @ https://unpkg.com/subscriptions-transport-ws@0.8.2/browser/client.js:701
[  828149ms] [ERROR] WebSocket connection to 'wss://api.stratz.com/graphql' failed: Error during WebSocket handshake: Unexpected response code: 403 @ https://unpkg.com/subscriptions-transport-ws@0.8.2/browser/client.js:701
[  838807ms] [ERROR] WebSocket connection to 'wss://api.stratz.com/graphql' failed: Error during WebSocket handshake: Unexpected response code: 403 @ https://unpkg.com/subscriptions-transport-ws@0.8.2/browser/client.js:701
[  849081ms] [ERROR] WebSocket connection to 'wss://api.stratz.com/graphql' failed: Error during WebSocket handshake: Unexpected response code: 403 @ https://unpkg.com/subscriptions-transport-ws@0.8.2/browser/client.js:701
[  859370ms] [ERROR] WebSocket connection to 'wss://api.stratz.com/graphql' failed: Error during WebSocket handshake: Unexpected response code: 403 @ https://unpkg.com/subscriptions-transport-ws@0.8.2/browser/client.js:701
[  869645ms] [ERROR] WebSocket connection to 'wss://api.stratz.com/graphql' failed: Error during WebSocket handshake: Unexpected response code: 403 @ https://unpkg.com/subscriptions-transport-ws@0.8.2/browser/client.js:701
[  879969ms] [ERROR] WebSocket connection to 'wss://api.stratz.com/graphql' failed: Error during WebSocket handshake: Unexpected response code: 403 @ https://unpkg.com/subscriptions-transport-ws@0.8.2/browser/client.js:701
[  890629ms] [ERROR] WebSocket connection to 'wss://api.stratz.com/graphql' failed: Error during WebSocket handshake: Unexpected response code: 403 @ https://unpkg.com/subscriptions-transport-ws@0.8.2/browser/client.js:701
[  901269ms] [ERROR] WebSocket connection to 'wss://api.stratz.com/graphql' failed: Error during WebSocket handshake: Unexpected response code: 403 @ https://unpkg.com/subscriptions-transport-ws@0.8.2/browser/client.js:701
[  911938ms] [ERROR] WebSocket connection to 'wss://api.stratz.com/graphql' failed: Error during WebSocket handshake: Unexpected response code: 403 @ https://unpkg.com/subscriptions-transport-ws@0.8.2/browser/client.js:701
[  922220ms] [ERROR] WebSocket connection to 'wss://api.stratz.com/graphql' failed: Error during WebSocket handshake: Unexpected response code: 403 @ https://unpkg.com/subscriptions-transport-ws@0.8.2/browser/client.js:701
[  932861ms] [ERROR] WebSocket connection to 'wss://api.stratz.com/graphql' failed: Error during WebSocket handshake: Unexpected response code: 403 @ https://unpkg.com/subscriptions-transport-ws@0.8.2/browser/client.js:701
[  943531ms] [ERROR] WebSocket connection to 'wss://api.stratz.com/graphql' failed: Error during WebSocket handshake: Unexpected response code: 403 @ https://unpkg.com/subscriptions-transport-ws@0.8.2/browser/client.js:701
[  953786ms] [ERROR] WebSocket connection to 'wss://api.stratz.com/graphql' failed: Error during WebSocket handshake: Unexpected response code: 403 @ https://unpkg.com/subscriptions-transport-ws@0.8.2/browser/client.js:701
[  964049ms] [ERROR] WebSocket connection to 'wss://api.stratz.com/graphql' failed: Error during WebSocket handshake: Unexpected response code: 403 @ https://unpkg.com/subscriptions-transport-ws@0.8.2/browser/client.js:701
[  974735ms] [ERROR] WebSocket connection to 'wss://api.stratz.com/graphql' failed: Error during WebSocket handshake: Unexpected response code: 403 @ https://unpkg.com/subscriptions-transport-ws@0.8.2/browser/client.js:701
[  985509ms] [ERROR] WebSocket connection to 'wss://api.stratz.com/graphql' failed: Error during WebSocket handshake: Unexpected response code: 403 @ https://unpkg.com/subscriptions-transport-ws@0.8.2/browser/client.js:701
[  996202ms] [ERROR] WebSocket connection to 'wss://api.stratz.com/graphql' failed: Error during WebSocket handshake: Unexpected response code: 403 @ https://unpkg.com/subscriptions-transport-ws@0.8.2/browser/client.js:701
[ 1006494ms] [ERROR] WebSocket connection to 'wss://api.stratz.com/graphql' failed: Error during WebSocket handshake: Unexpected response code: 403 @ https://unpkg.com/subscriptions-transport-ws@0.8.2/browser/client.js:701
[ 1017143ms] [ERROR] WebSocket connection to 'wss://api.stratz.com/graphql' failed: Error during WebSocket handshake: Unexpected response code: 403 @ https://unpkg.com/subscriptions-transport-ws@0.8.2/browser/client.js:701
[ 1027778ms] [ERROR] WebSocket connection to 'wss://api.stratz.com/graphql' failed: Error during WebSocket handshake: Unexpected response code: 403 @ https://unpkg.com/subscriptions-transport-ws@0.8.2/browser/client.js:701
[ 1038417ms] [ERROR] WebSocket connection to 'wss://api.stratz.com/graphql' failed: Error during WebSocket handshake: Unexpected response code: 403 @ https://unpkg.com/subscriptions-transport-ws@0.8.2/browser/client.js:701
[ 1049084ms] [ERROR] WebSocket connection to 'wss://api.stratz.com/graphql' failed: Error during WebSocket handshake: Unexpected response code: 403 @ https://unpkg.com/subscriptions-transport-ws@0.8.2/browser/client.js:701
[ 1059343ms] [ERROR] WebSocket connection to 'wss://api.stratz.com/graphql' failed: Error during WebSocket handshake: Unexpected response code: 403 @ https://unpkg.com/subscriptions-transport-ws@0.8.2/browser/client.js:701
[ 1070006ms] [ERROR] WebSocket connection to 'wss://api.stratz.com/graphql' failed: Error during WebSocket handshake: Unexpected response code: 403 @ https://unpkg.com/subscriptions-transport-ws@0.8.2/browser/client.js:701
[ 1080262ms] [ERROR] WebSocket connection to 'wss://api.stratz.com/graphql' failed: Error during WebSocket handshake: Unexpected response code: 403 @ https://unpkg.com/subscriptions-transport-ws@0.8.2/browser/client.js:701
[ 1090510ms] [ERROR] WebSocket connection to 'wss://api.stratz.com/graphql' failed: Error during WebSocket handshake: Unexpected response code: 403 @ https://unpkg.com/subscriptions-transport-ws@0.8.2/browser/client.js:701
[ 1101215ms] [ERROR] WebSocket connection to 'wss://api.stratz.com/graphql' failed: Error during WebSocket handshake: Unexpected response code: 403 @ https://unpkg.com/subscriptions-transport-ws@0.8.2/browser/client.js:701
[ 1111875ms] [ERROR] WebSocket connection to 'wss://api.stratz.com/graphql' failed: Error during WebSocket handshake: Unexpected response code: 403 @ https://unpkg.com/subscriptions-transport-ws@0.8.2/browser/client.js:701
[ 1122161ms] [ERROR] WebSocket connection to 'wss://api.stratz.com/graphql' failed: Error during WebSocket handshake: Unexpected response code: 403 @ https://unpkg.com/subscriptions-transport-ws@0.8.2/browser/client.js:701
[ 1132851ms] [ERROR] WebSocket connection to 'wss://api.stratz.com/graphql' failed: Error during WebSocket handshake: Unexpected response code: 403 @ https://unpkg.com/subscriptions-transport-ws@0.8.2/browser/client.js:701
[ 1143092ms] [ERROR] WebSocket connection to 'wss://api.stratz.com/graphql' failed: Error during WebSocket handshake: Unexpected response code: 403 @ https://unpkg.com/subscriptions-transport-ws@0.8.2/browser/client.js:701
[ 1153318ms] [ERROR] WebSocket connection to 'wss://api.stratz.com/graphql' failed: Error during WebSocket handshake: Unexpected response code: 403 @ https://unpkg.com/subscriptions-transport-ws@0.8.2/browser/client.js:701
[ 1163563ms] [ERROR] WebSocket connection to 'wss://api.stratz.com/graphql' failed: Error during WebSocket handshake: Unexpected response code: 403 @ https://unpkg.com/subscriptions-transport-ws@0.8.2/browser/client.js:701
[ 1174224ms] [ERROR] WebSocket connection to 'wss://api.stratz.com/graphql' failed: Error during WebSocket handshake: Unexpected response code: 403 @ https://unpkg.com/subscriptions-transport-ws@0.8.2/browser/client.js:701
[ 1184476ms] [ERROR] WebSocket connection to 'wss://api.stratz.com/graphql' failed: Error during WebSocket handshake: Unexpected response code: 403 @ https://unpkg.com/subscriptions-transport-ws@0.8.2/browser/client.js:701
[ 1195127ms] [ERROR] WebSocket connection to 'wss://api.stratz.com/graphql' failed: Error during WebSocket handshake: Unexpected response code: 403 @ https://unpkg.com/subscriptions-transport-ws@0.8.2/browser/client.js:701
[ 1205800ms] [ERROR] WebSocket connection to 'wss://api.stratz.com/graphql' failed: Error during WebSocket handshake: Unexpected response code: 403 @ https://unpkg.com/subscriptions-transport-ws@0.8.2/browser/client.js:701
[ 1216472ms] [ERROR] WebSocket connection to 'wss://api.stratz.com/graphql' failed: Error during WebSocket handshake: Unexpected response code: 403 @ https://unpkg.com/subscriptions-transport-ws@0.8.2/browser/client.js:701
[ 1226751ms] [ERROR] WebSocket connection to 'wss://api.stratz.com/graphql' failed: Error during WebSocket handshake: Unexpected response code: 403 @ https://unpkg.com/subscriptions-transport-ws@0.8.2/browser/client.js:701
[ 1237456ms] [ERROR] WebSocket connection to 'wss://api.stratz.com/graphql' failed: Error during WebSocket handshake: Unexpected response code: 403 @ https://unpkg.com/subscriptions-transport-ws@0.8.2/browser/client.js:701
[ 1248200ms] [ERROR] WebSocket connection to 'wss://api.stratz.com/graphql' failed: Error during WebSocket handshake: Unexpected response code: 403 @ https://unpkg.com/subscriptions-transport-ws@0.8.2/browser/client.js:701
[ 1258909ms] [ERROR] WebSocket connection to 'wss://api.stratz.com/graphql' failed: Error during WebSocket handshake: Unexpected response code: 403 @ https://unpkg.com/subscriptions-transport-ws@0.8.2/browser/client.js:701
[ 1269152ms] [ERROR] WebSocket connection to 'wss://api.stratz.com/graphql' failed: Error during WebSocket handshake: Unexpected response code: 403 @ https://unpkg.com/subscriptions-transport-ws@0.8.2/browser/client.js:701
[ 1279812ms] [ERROR] WebSocket connection to 'wss://api.stratz.com/graphql' failed: Error during WebSocket handshake: Unexpected response code: 403 @ https://unpkg.com/subscriptions-transport-ws@0.8.2/browser/client.js:701
[ 1290496ms] [ERROR] WebSocket connection to 'wss://api.stratz.com/graphql' failed: Error during WebSocket handshake: Unexpected response code: 403 @ https://unpkg.com/subscriptions-transport-ws@0.8.2/browser/client.js:701
[ 1301148ms] [ERROR] WebSocket connection to 'wss://api.stratz.com/graphql' failed: Error during WebSocket handshake: Unexpected response code: 403 @ https://unpkg.com/subscriptions-transport-ws@0.8.2/browser/client.js:701
[ 1311379ms] [ERROR] WebSocket connection to 'wss://api.stratz.com/graphql' failed: Error during WebSocket handshake: Unexpected response code: 403 @ https://unpkg.com/subscriptions-transport-ws@0.8.2/browser/client.js:701
[ 1322100ms] [ERROR] WebSocket connection to 'wss://api.stratz.com/graphql' failed: Error during WebSocket handshake: Unexpected response code: 403 @ https://unpkg.com/subscriptions-transport-ws@0.8.2/browser/client.js:701
[ 1332357ms] [ERROR] WebSocket connection to 'wss://api.stratz.com/graphql' failed: Error during WebSocket handshake: Unexpected response code: 403 @ https://unpkg.com/subscriptions-transport-ws@0.8.2/browser/client.js:701
[ 1343028ms] [ERROR] WebSocket connection to 'wss://api.stratz.com/graphql' failed: Error during WebSocket handshake: Unexpected response code: 403 @ https://unpkg.com/subscriptions-transport-ws@0.8.2/browser/client.js:701
[ 1353278ms] [ERROR] WebSocket connection to 'wss://api.stratz.com/graphql' failed: Error during WebSocket handshake: Unexpected response code: 403 @ https://unpkg.com/subscriptions-transport-ws@0.8.2/browser/client.js:701
[ 1363944ms] [ERROR] WebSocket connection to 'wss://api.stratz.com/graphql' failed: Error during WebSocket handshake: Unexpected response code: 403 @ https://unpkg.com/subscriptions-transport-ws@0.8.2/browser/client.js:701
[ 1374646ms] [ERROR] WebSocket connection to 'wss://api.stratz.com/graphql' failed: Error during WebSocket handshake: Unexpected response code: 403 @ https://unpkg.com/subscriptions-transport-ws@0.8.2/browser/client.js:701
[ 1384985ms] [ERROR] WebSocket connection to 'wss://api.stratz.com/graphql' failed: Error during WebSocket handshake: Unexpected response code: 403 @ https://unpkg.com/subscriptions-transport-ws@0.8.2/browser/client.js:701
[ 1395644ms] [ERROR] WebSocket connection to 'wss://api.stratz.com/graphql' failed: Error during WebSocket handshake: Unexpected response code: 403 @ https://unpkg.com/subscriptions-transport-ws@0.8.2/browser/client.js:701
[ 1405878ms] [ERROR] WebSocket connection to 'wss://api.stratz.com/graphql' failed: Error during WebSocket handshake: Unexpected response code: 403 @ https://unpkg.com/subscriptions-transport-ws@0.8.2/browser/client.js:701
[ 1416536ms] [ERROR] WebSocket connection to 'wss://api.stratz.com/graphql' failed: Error during WebSocket handshake: Unexpected response code: 403 @ https://unpkg.com/subscriptions-transport-ws@0.8.2/browser/client.js:701
[ 1427193ms] [ERROR] WebSocket connection to 'wss://api.stratz.com/graphql' failed: Error during WebSocket handshake: Unexpected response code: 403 @ https://unpkg.com/subscriptions-transport-ws@0.8.2/browser/client.js:701
[ 1437872ms] [ERROR] WebSocket connection to 'wss://api.stratz.com/graphql' failed: Error during WebSocket handshake: Unexpected response code: 403 @ https://unpkg.com/subscriptions-transport-ws@0.8.2/browser/client.js:701
[ 1448546ms] [ERROR] WebSocket connection to 'wss://api.stratz.com/graphql' failed: Error during WebSocket handshake: Unexpected response code: 403 @ https://unpkg.com/subscriptions-transport-ws@0.8.2/browser/client.js:701
[ 1459231ms] [ERROR] WebSocket connection to 'wss://api.stratz.com/graphql' failed: Error during WebSocket handshake: Unexpected response code: 403 @ https://unpkg.com/subscriptions-transport-ws@0.8.2/browser/client.js:701
[ 1469497ms] [ERROR] WebSocket connection to 'wss://api.stratz.com/graphql' failed: Error during WebSocket handshake: Unexpected response code: 403 @ https://unpkg.com/subscriptions-transport-ws@0.8.2/browser/client.js:701
[ 1480151ms] [ERROR] WebSocket connection to 'wss://api.stratz.com/graphql' failed: Error during WebSocket handshake: Unexpected response code: 403 @ https://unpkg.com/subscriptions-transport-ws@0.8.2/browser/client.js:701
[ 1490837ms] [ERROR] WebSocket connection to 'wss://api.stratz.com/graphql' failed: Error during WebSocket handshake: Unexpected response code: 403 @ https://unpkg.com/subscriptions-transport-ws@0.8.2/browser/client.js:701
[ 1501158ms] [ERROR] WebSocket connection to 'wss://api.stratz.com/graphql' failed: Error during WebSocket handshake: Unexpected response code: 403 @ https://unpkg.com/subscriptions-transport-ws@0.8.2/browser/client.js:701
[ 1511953ms] [ERROR] WebSocket connection to 'wss://api.stratz.com/graphql' failed: Error during WebSocket handshake: Unexpected response code: 403 @ https://unpkg.com/subscriptions-transport-ws@0.8.2/browser/client.js:701
[ 1522602ms] [ERROR] WebSocket connection to 'wss://api.stratz.com/graphql' failed: Error during WebSocket handshake: Unexpected response code: 403 @ https://unpkg.com/subscriptions-transport-ws@0.8.2/browser/client.js:701
[ 1533253ms] [ERROR] WebSocket connection to 'wss://api.stratz.com/graphql' failed: Error during WebSocket handshake: Unexpected response code: 403 @ https://unpkg.com/subscriptions-transport-ws@0.8.2/browser/client.js:701
[ 1543890ms] [ERROR] WebSocket connection to 'wss://api.stratz.com/graphql' failed: Error during WebSocket handshake: Unexpected response code: 403 @ https://unpkg.com/subscriptions-transport-ws@0.8.2/browser/client.js:701
[ 1554123ms] [ERROR] WebSocket connection to 'wss://api.stratz.com/graphql' failed: Error during WebSocket handshake: Unexpected response code: 403 @ https://unpkg.com/subscriptions-transport-ws@0.8.2/browser/client.js:701
[ 1564375ms] [ERROR] WebSocket connection to 'wss://api.stratz.com/graphql' failed: Error during WebSocket handshake: Unexpected response code: 403 @ https://unpkg.com/subscriptions-transport-ws@0.8.2/browser/client.js:701
[ 1575047ms] [ERROR] WebSocket connection to 'wss://api.stratz.com/graphql' failed: Error during WebSocket handshake: Unexpected response code: 403 @ https://unpkg.com/subscriptions-transport-ws@0.8.2/browser/client.js:701
